<?xml version="1.0" encoding="UTF-8"?>
<testsuite xmlns:xsi="http://www.w3.org/2001/XMLSchema-instance" xsi:noNamespaceSchemaLocation="https://maven.apache.org/surefire/maven-surefire-plugin/xsd/surefire-test-report-3.0.xsd" version="3.0" name="BinaryTreeTest.BinaryTreeTest" time="0.411" tests="50" errors="0" skipped="0" failures="0">
  <properties>
[...]
</properties>
  <testcase name="dellALLElementsTest(String[])[1]" classname="BinaryTreeTest.BinaryTreeTest" time="0.046"/>
  <testcase name="dellALLElementsTest(String[])[2]" classname="BinaryTreeTest.BinaryTreeTest" time="0.004"/>
  <testcase name="dellALLElementsTest(String[])[3]" classname="BinaryTreeTest.BinaryTreeTest" time="0.002"/>
  <testcase name="dellALLElementsTest(String[])[4]" classname="BinaryTreeTest.BinaryTreeTest" time="0.002"/>
  <testcase name="dellALLElementsTest(String[])[5]" classname="BinaryTreeTest.BinaryTreeTest" time="0.002"/>
  <testcase name="dellALLElementsTest(String[])[6]" classname="BinaryTreeTest.BinaryTreeTest" time="0.002"/>
  <testcase name="dellALLElementsTest(String[])[7]" classname="BinaryTreeTest.BinaryTreeTest" time="0.002"/>
  <testcase name="dellALLElementsTest(String[])[8]" classname="BinaryTreeTest.BinaryTreeTest" time="0.001"/>
  <testcase name="dellALLElementsTest(String[])[9]" classname="BinaryTreeTest.BinaryTreeTest" time="0.002"/>
  <testcase name="dellALLElementsTest(String[])[10]" classname="BinaryTreeTest.BinaryTreeTest" time="0.002"/>
  <testcase name="searchElementOfTreeTest(String[])[1]" classname="BinaryTreeTest.BinaryTreeTest" time="0.007"/>
  <testcase name="searchElementOfTreeTest(String[])[2]" classname="BinaryTreeTest.BinaryTreeTest" time="0.001"/>
  <testcase name="searchElementOfTreeTest(String[])[3]" classname="BinaryTreeTest.BinaryTreeTest" time="0.001"/>
  <testcase name="searchElementOfTreeTest(String[])[4]" classname="BinaryTreeTest.BinaryTreeTest" time="0.001"/>
  <testcase name="searchElementOfTreeTest(String[])[5]" classname="BinaryTreeTest.BinaryTreeTest" time="0.001"/>
  <testcase name="searchElementOfTreeTest(String[])[6]" classname="BinaryTreeTest.BinaryTreeTest" time="0.002"/>
  <testcase name="searchElementOfTreeTest(String[])[7]" classname="BinaryTreeTest.BinaryTreeTest" time="0.001"/>
  <testcase name="searchElementOfTreeTest(String[])[8]" classname="BinaryTreeTest.BinaryTreeTest" time="0.001"/>
  <testcase name="searchElementOfTreeTest(String[])[9]" classname="BinaryTreeTest.BinaryTreeTest" time="0.001"/>
  <testcase name="searchElementOfTreeTest(String[])[10]" classname="BinaryTreeTest.BinaryTreeTest" time="0.001"/>
  <testcase name="copyConstructorTest(String[])[1]" classname="BinaryTreeTest.BinaryTreeTest" time="0.003"/>
  <testcase name="copyConstructorTest(String[])[2]" classname="BinaryTreeTest.BinaryTreeTest" time="0.001"/>
  <testcase name="copyConstructorTest(String[])[3]" classname="BinaryTreeTest.BinaryTreeTest" time="0.002"/>
  <testcase name="copyConstructorTest(String[])[4]" classname="BinaryTreeTest.BinaryTreeTest" time="0.001"/>
  <testcase name="copyConstructorTest(String[])[5]" classname="BinaryTreeTest.BinaryTreeTest" time="0.007"/>
  <testcase name="copyConstructorTest(String[])[6]" classname="BinaryTreeTest.BinaryTreeTest" time="0.002"/>
  <testcase name="copyConstructorTest(String[])[7]" classname="BinaryTreeTest.BinaryTreeTest" time="0.002"/>
  <testcase name="copyConstructorTest(String[])[8]" classname="BinaryTreeTest.BinaryTreeTest" time="0.001"/>
  <testcase name="copyConstructorTest(String[])[9]" classname="BinaryTreeTest.BinaryTreeTest" time="0.001"/>
  <testcase name="copyConstructorTest(String[])[10]" classname="BinaryTreeTest.BinaryTreeTest" time="0.002"/>
  <testcase name="addElementTest(String[])[1]" classname="BinaryTreeTest.BinaryTreeTest" time="0.002"/>
  <testcase name="addElementTest(String[])[2]" classname="BinaryTreeTest.BinaryTreeTest" time="0.001"/>
  <testcase name="addElementTest(String[])[3]" classname="BinaryTreeTest.BinaryTreeTest" time="0.005"/>
  <testcase name="addElementTest(String[])[4]" classname="BinaryTreeTest.BinaryTreeTest" time="0.001"/>
  <testcase name="addElementTest(String[])[5]" classname="BinaryTreeTest.BinaryTreeTest" time="0.001"/>
  <testcase name="addElementTest(String[])[6]" classname="BinaryTreeTest.BinaryTreeTest" time="0.001"/>
  <testcase name="addElementTest(String[])[7]" classname="BinaryTreeTest.BinaryTreeTest" time="0.001"/>
  <testcase name="addElementTest(String[])[8]" classname="BinaryTreeTest.BinaryTreeTest" time="0.005"/>
  <testcase name="addElementTest(String[])[9]" classname="BinaryTreeTest.BinaryTreeTest" time="0.001"/>
  <testcase name="addElementTest(String[])[10]" classname="BinaryTreeTest.BinaryTreeTest" time="0.001"/>
  <testcase name="getNumberOfElementTest(String[])[1]" classname="BinaryTreeTest.BinaryTreeTest" time="0.001"/>
  <testcase name="getNumberOfElementTest(String[])[2]" classname="BinaryTreeTest.BinaryTreeTest" time="0.001"/>
  <testcase name="getNumberOfElementTest(String[])[3]" classname="BinaryTreeTest.BinaryTreeTest" time="0.001"/>
  <testcase name="getNumberOfElementTest(String[])[4]" classname="BinaryTreeTest.BinaryTreeTest" time="0.001"/>
  <testcase name="getNumberOfElementTest(String[])[5]" classname="BinaryTreeTest.BinaryTreeTest" time="0.006"/>
  <testcase name="getNumberOfElementTest(String[])[6]" classname="BinaryTreeTest.BinaryTreeTest" time="0.001"/>
  <testcase name="getNumberOfElementTest(String[])[7]" classname="BinaryTreeTest.BinaryTreeTest" time="0.001"/>
  <testcase name="getNumberOfElementTest(String[])[8]" classname="BinaryTreeTest.BinaryTreeTest" time="0.004"/>
  <testcase name="getNumberOfElementTest(String[])[9]" classname="BinaryTreeTest.BinaryTreeTest" time="0.001"/>
  <testcase name="getNumberOfElementTest(String[])[10]" classname="BinaryTreeTest.BinaryTreeTest" time="0.002"/>
</testsuite>